C51 COMPILER V9.56.0.0   MAIN                                                              09/03/2018 15:34:28 PAGE 1   


C51 COMPILER V9.56.0.0, COMPILATION OF MODULE MAIN
OBJECT MODULE PLACED IN .\Objects\main.obj
COMPILER INVOKED BY: J:\Keil_v5\C51\BIN\C51.EXE main.c OPTIMIZE(8,SPEED) BROWSE DEBUG OBJECTEXTEND PRINT(.\Listings\main
                    -.lst) TABS(2) OBJECT(.\Objects\main.obj)

line level    source

   1          
   2          #include<stc_init.h>
   3          #include<stc_isr.h>
   4          #include<stc_user.h>
   5          #include<operate_card.h>
   6          #include<time_sd2200.h>
   7          #include<stc_eeprom.h>
   8          
   9          
  10          
  11          sbit BEEP = P3^7;//蜂鸣器
  12          sbit SET_eeprom_baseaddr = P0^1;
  13          sbit lamp_green = P3^5;
  14          sbit lamp_red   = P3^6;
  15          //volatile unsigned int EEPROM_BASE_ADDR;
  16          extern bit beep_start;
  17          
  18          
  19          /********************************/
  20          /*name:mcu_init                 */
  21          /*discription:单片机初始化      */
  22          /*var in:                       */
  23          /*result out:                   */
  24          /********************************/
  25          void mcu_init(void);
  26          
  27          
  28          void delay(unsigned int i)
  29          {
  30   1        while(i--);
  31   1      }
  32          
  33          
  34          /********************************/
  35          /*name:                         */
  36          /*discription:                  */
  37          /*var in:                       */
  38          /*result out:                   */
  39          /********************************/
  40          void main(void)
  41          {
  42   1      //  unsigned char xdata rd_da[21];
  43   1        mcu_init();
  44   1        read_eeprom();
  45   1        BEEP=0;
  46   1        lamp_green = 0;
  47   1        lamp_red  = 0;
  48   1        delay(1000);
  49   1        WDT_CONTR = 0x3f;//启动看门狗 29MHz 6T模式 预分频101  427ms 111 1.7s
  50   1      
  51   1        while(1)
  52   1        {
  53   2          action();
  54   2        } 
C51 COMPILER V9.56.0.0   MAIN                                                              09/03/2018 15:34:28 PAGE 2   

  55   1      }
  56          
  57          /********************************/
  58          /*name:mcu_init                 */
  59          /*discription:单片机初始化      */
  60          /*var in:                       */
  61          /*result out:                   */
  62          /********************************/
  63          void mcu_init(void)
  64          {
  65   1        init_uart(UART_1,MOD1,BTR_TM1,NOSMOD,btr_19200);
  66   1        init_time(TIME_0,WIDE16,t_20ms);
  67   1        ES = 0;
  68   1        EA = 1;
  69   1      }
  70          
  71          
  72          
  73          
  74          


MODULE INFORMATION:   STATIC OVERLAYABLE
   CODE SIZE        =     72    ----
   CONSTANT SIZE    =   ----    ----
   XDATA SIZE       =   ----    ----
   PDATA SIZE       =   ----    ----
   DATA SIZE        =   ----    ----
   IDATA SIZE       =   ----    ----
   BIT SIZE         =   ----    ----
END OF MODULE INFORMATION.


C51 COMPILATION COMPLETE.  0 WARNING(S),  0 ERROR(S)
