C51 COMPILER V9.56.0.0   SHJY_IIC                                                          08/08/2018 14:56:20 PAGE 1   


C51 COMPILER V9.56.0.0, COMPILATION OF MODULE SHJY_IIC
OBJECT MODULE PLACED IN .\Objects\SHJY_IIC.obj
COMPILER INVOKED BY: d:\Keil_v5\C51\BIN\C51.EXE SHJY_IIC.C OPTIMIZE(8,SPEED) BROWSE DEBUG OBJECTEXTEND PRINT(.\Listings\
                    -SHJY_IIC.lst) TABS(2) OBJECT(.\Objects\SHJY_IIC.obj)

line level    source

   1          ////**********************************////
   2          //=================//
   3          //本程序适用于模拟IIC通信
   4          //文件:SHJY_IIC.C
   5          //================//
   6          ////**********************************////
   7          
   8          #include <SHJY_IIC.H>
   9          
  10          sbit SDA  = P0^5; //iic数据
  11          sbit SCL  = P0^4; //iic时钟
  12          sbit WP   = P3^4;
  13          sbit INIT1  = P3^3;
  14          sbit INIT2  = P3^2;
  15          sbit SCLE   = P0^7;
  16          sbit SDAE   = P0^6;
  17          
  18          
  19          
  20          /********************************/
  21          /*Description:延时              */
  22          /*In:                           */
  23          /*Out:                          */
  24          /********************************/
  25          void delay(void)
  26          {
  27   1        int i=0;
  28   1      }
  29          /*****/
  30          
  31          /********************************/
  32          /*Description:模拟IIC启动       */
  33          /*In:                           */
  34          /*Out:IIC应答位ACK              */
  35          /********************************/
  36          bit IIC_START(void)
  37          {
  38   1        bit ACK_BIT;  //应答位
  39   1        SDA=1;
  40   1        delay();
  41   1        SCL=1;
  42   1        delay();
  43   1        if(SDA&&SCL)
  44   1        {
  45   2          SDA=0;
  46   2          delay();
  47   2          SCL=0;
  48   2          delay();
  49   2          ACK_BIT=0;    
  50   2        }else
  51   1        {
  52   2          ACK_BIT=1;
  53   2        }
  54   1        return ACK_BIT;
C51 COMPILER V9.56.0.0   SHJY_IIC                                                          08/08/2018 14:56:20 PAGE 2   

  55   1      }
  56          /***/
  57          
  58          /********************************/
  59          /*Description:模拟IIC停止       */
  60          /*In:                           */
  61          /*Out:                          */
  62          /********************************/
  63          void IIC_STOP(void)
  64          {
  65   1        SCL=0;
  66   1        delay();
  67   1        SDA=0;
  68   1        delay();
  69   1        SCL=1;
  70   1        delay();
  71   1        SDA=1;
  72   1        delay();
  73   1      }
  74          /*****/
  75          
  76          /********************************/
  77          /*Description:模拟IIC发送1位    */
  78          /*In:send_bit 需要发送的1位数据 */
  79          /*Out:                          */
  80          /********************************/
  81          void IIC_send_bit(bit send_bit)
  82          {
  83   1        SDA=send_bit;
  84   1        delay();
  85   1        SCL=1;
  86   1        delay();
  87   1        SCL=0;
  88   1        delay();
  89   1      }
  90          /*****/
  91          
  92          
  93          /********************************/
  94          /*Description:模拟IIC读取应答位 */
  95          /*In:                           */
  96          /*Out:IIC应答位ACK              */
  97          /********************************/
  98          bit IIC_read_bit(void)
  99          {
 100   1        bit ACK_BIT;  //应答位
 101   1        SDA=1;
 102   1        delay();
 103   1        SCL=1;
 104   1        delay();
 105   1        ACK_BIT=SDA;
 106   1        delay();
 107   1        SCL=0;
 108   1        delay();
 109   1        return ACK_BIT;
 110   1      }
 111          /*****/
 112          
 113          /**************************************/
 114          /*Description:模拟IIC发送1字节数据    */
 115          /*In:send_buffer 需要发送的1字节数据  */
 116          /*Out:IIC应答位ACK                    */
C51 COMPILER V9.56.0.0   SHJY_IIC                                                          08/08/2018 14:56:20 PAGE 3   

 117          /**************************************/
 118          bit IIC_send_byte(unsigned char send_buffer)
 119          {
 120   1        bit ACK_BIT;  //应答位
 121   1        IIC_send_bit(send_buffer&0x80);//高位先发送
 122   1        IIC_send_bit(send_buffer&0x40);
 123   1        IIC_send_bit(send_buffer&0x20);
 124   1        IIC_send_bit(send_buffer&0x10);
 125   1        IIC_send_bit(send_buffer&0x08);
 126   1        IIC_send_bit(send_buffer&0x04);
 127   1        IIC_send_bit(send_buffer&0x02);
 128   1        IIC_send_bit(send_buffer&0x01);
 129   1      
 130   1        ACK_BIT=IIC_read_bit();
 131   1        return ACK_BIT;
 132   1      
 133   1      }
 134          /******/
 135          
 136          /********************************/
 137          /*name: IIC_read_Byte           */
 138          /*discription:模拟IIC读取1字节  */
 139          /*var in:                       */
 140          /*result out:r_b                */
 141          /********************************/
 142          unsigned char IIC_read_Byte(void)
 143          {
 144   1        unsigned char r_b;
 145   1        bit ack;
 146   1        ack=IIC_read_bit();
 147   1        r_b=((unsigned char)ack)&0x01;
 148   1        ack=IIC_read_bit(); 
 149   1        r_b|=((unsigned char)ack<<1)&0x02;  
 150   1        ack=IIC_read_bit(); 
 151   1        r_b|=((unsigned char)ack<<2)&0x04;
 152   1        ack=IIC_read_bit(); 
 153   1        r_b|=((unsigned char)ack<<3)&0x08;
 154   1        ack=IIC_read_bit(); 
 155   1        r_b|=((unsigned char)ack<<4)&0x10;
 156   1        ack=IIC_read_bit(); 
 157   1        r_b|=((unsigned char)ack<<5)&0x20;
 158   1        ack=IIC_read_bit(); 
 159   1        r_b|=((unsigned char)ack<<6)&0x40;
 160   1        ack=IIC_read_bit(); 
 161   1        r_b|=((unsigned char)ack<<7)&0x80;  
 162   1        return r_b;
 163   1      }
 164          
 165          
 166          
 167          
 168          


MODULE INFORMATION:   STATIC OVERLAYABLE
   CODE SIZE        =    302    ----
   CONSTANT SIZE    =   ----    ----
   XDATA SIZE       =   ----    ----
   PDATA SIZE       =   ----    ----
   DATA SIZE        =   ----       2
   IDATA SIZE       =   ----    ----
   BIT SIZE         =   ----       5
C51 COMPILER V9.56.0.0   SHJY_IIC                                                          08/08/2018 14:56:20 PAGE 4   

END OF MODULE INFORMATION.


C51 COMPILATION COMPLETE.  0 WARNING(S),  0 ERROR(S)
